{"ts":"2026-04-05T17:16:07.096249+00:00","action":"CREATE","entity_type":"users","entity_id":"test-709ca0ab","details":""}
{"ts":"2026-04-05T17:16:07.108833+00:00","action":"LIFECYCLE_CHANGE","entity_type":"users","entity_id":"test-709ca0ab","details":"ACTIVE -> ACTIVE"}
{"ts":"2026-04-05T17:16:07.113505+00:00","action":"LIFECYCLE_CHANGE","entity_type":"users","entity_id":"test-709ca0ab","details":"ACTIVE -> COMPLETED"}
{"ts":"2026-04-05T17:16:07.122566+00:00","action":"CREATE","entity_type":"targets","entity_id":"tgt-e8272f8a","details":""}
{"ts":"2026-04-05T17:34:12.431009+00:00","action":"CREATE","entity_type":"users","entity_id":"test-36ef8ef4","details":""}
{"ts":"2026-04-05T17:34:12.441380+00:00","action":"LIFECYCLE_CHANGE","entity_type":"users","entity_id":"test-36ef8ef4","details":"ACTIVE -> ACTIVE"}
{"ts":"2026-04-05T17:34:12.447010+00:00","action":"LIFECYCLE_CHANGE","entity_type":"users","entity_id":"test-36ef8ef4","details":"ACTIVE -> COMPLETED"}
{"ts":"2026-04-05T17:34:12.455845+00:00","action":"CREATE","entity_type":"targets","entity_id":"tgt-68f156ac","details":""}
{"ts":"2026-04-05T18:10:55.860695+00:00","action":"CREATE","entity_type":"users","entity_id":"test-9e35d8a0","details":""}
{"ts":"2026-04-05T18:10:55.872292+00:00","action":"LIFECYCLE_CHANGE","entity_type":"users","entity_id":"test-9e35d8a0","details":"ACTIVE -> ACTIVE"}
{"ts":"2026-04-05T18:10:55.877298+00:00","action":"LIFECYCLE_CHANGE","entity_type":"users","entity_id":"test-9e35d8a0","details":"ACTIVE -> COMPLETED"}
{"ts":"2026-04-05T18:10:55.885816+00:00","action":"CREATE","entity_type":"targets","entity_id":"tgt-3baf6551","details":""}
{"ts":"2026-04-05T18:13:29.960156+00:00","action":"CREATE","entity_type":"users","entity_id":"test-53dddb2c","details":""}
{"ts":"2026-04-05T18:13:29.970383+00:00","action":"LIFECYCLE_CHANGE","entity_type":"users","entity_id":"test-53dddb2c","details":"ACTIVE -> ACTIVE"}
{"ts":"2026-04-05T18:13:29.975385+00:00","action":"LIFECYCLE_CHANGE","entity_type":"users","entity_id":"test-53dddb2c","details":"ACTIVE -> COMPLETED"}
{"ts":"2026-04-05T18:13:29.984417+00:00","action":"CREATE","entity_type":"targets","entity_id":"tgt-6b89a6b9","details":""}
{"ts":"2026-04-05T18:20:49.692182+00:00","action":"CREATE","entity_type":"users","entity_id":"test-c5de389c","details":""}
{"ts":"2026-04-05T18:20:49.704291+00:00","action":"LIFECYCLE_CHANGE","entity_type":"users","entity_id":"test-c5de389c","details":"ACTIVE -> ACTIVE"}
{"ts":"2026-04-05T18:20:49.709599+00:00","action":"LIFECYCLE_CHANGE","entity_type":"users","entity_id":"test-c5de389c","details":"ACTIVE -> COMPLETED"}
{"ts":"2026-04-05T18:20:49.718656+00:00","action":"CREATE","entity_type":"targets","entity_id":"tgt-da39f002","details":""}
{"ts":"2026-04-05T18:26:05.462155+00:00","action":"CREATE","entity_type":"users","entity_id":"test-fd756c28","details":""}
{"ts":"2026-04-05T18:26:05.480190+00:00","action":"LIFECYCLE_CHANGE","entity_type":"users","entity_id":"test-fd756c28","details":"ACTIVE -> ACTIVE"}
{"ts":"2026-04-05T18:26:05.488627+00:00","action":"LIFECYCLE_CHANGE","entity_type":"users","entity_id":"test-fd756c28","details":"ACTIVE -> COMPLETED"}
{"ts":"2026-04-05T18:26:05.505158+00:00","action":"CREATE","entity_type":"targets","entity_id":"tgt-057090eb","details":""}
{"ts":"2026-04-05T18:35:19.972547+00:00","action":"CREATE","entity_type":"users","entity_id":"test-c1ebc49e","details":""}
{"ts":"2026-04-05T18:35:19.987112+00:00","action":"LIFECYCLE_CHANGE","entity_type":"users","entity_id":"test-c1ebc49e","details":"ACTIVE -> ACTIVE"}
{"ts":"2026-04-05T18:35:19.991291+00:00","action":"LIFECYCLE_CHANGE","entity_type":"users","entity_id":"test-c1ebc49e","details":"ACTIVE -> COMPLETED"}
{"ts":"2026-04-05T18:35:20.000557+00:00","action":"CREATE","entity_type":"targets","entity_id":"tgt-c78b5af4","details":""}
{"ts":"2026-04-05T18:50:36.596283+00:00","action":"CREATE","entity_type":"users","entity_id":"test-9a47ae5a","details":""}
{"ts":"2026-04-05T18:50:36.609774+00:00","action":"LIFECYCLE_CHANGE","entity_type":"users","entity_id":"test-9a47ae5a","details":"ACTIVE -> ACTIVE"}
{"ts":"2026-04-05T18:50:36.613303+00:00","action":"LIFECYCLE_CHANGE","entity_type":"users","entity_id":"test-9a47ae5a","details":"ACTIVE -> COMPLETED"}
{"ts":"2026-04-05T18:50:36.622309+00:00","action":"CREATE","entity_type":"targets","entity_id":"tgt-53f4e774","details":""}
{"ts":"2026-04-05T19:02:19.225233+00:00","action":"CREATE","entity_type":"users","entity_id":"test-9b470057","details":""}
{"ts":"2026-04-05T19:02:19.236681+00:00","action":"LIFECYCLE_CHANGE","entity_type":"users","entity_id":"test-9b470057","details":"ACTIVE -> ACTIVE"}
{"ts":"2026-04-05T19:02:19.241695+00:00","action":"LIFECYCLE_CHANGE","entity_type":"users","entity_id":"test-9b470057","details":"ACTIVE -> COMPLETED"}
{"ts":"2026-04-05T19:02:19.250597+00:00","action":"CREATE","entity_type":"targets","entity_id":"tgt-5a5ebe51","details":""}
{"ts":"2026-04-05T19:09:43.246306+00:00","action":"CREATE","entity_type":"users","entity_id":"test-b10b58d5","details":""}
{"ts":"2026-04-05T19:09:43.261570+00:00","action":"LIFECYCLE_CHANGE","entity_type":"users","entity_id":"test-b10b58d5","details":"ACTIVE -> ACTIVE"}
{"ts":"2026-04-05T19:09:43.265573+00:00","action":"LIFECYCLE_CHANGE","entity_type":"users","entity_id":"test-b10b58d5","details":"ACTIVE -> COMPLETED"}
{"ts":"2026-04-05T19:09:43.274609+00:00","action":"CREATE","entity_type":"targets","entity_id":"tgt-de0b2496","details":""}
{"ts":"2026-04-05T19:16:51.975391+00:00","action":"CREATE","entity_type":"users","entity_id":"test-b9310218","details":""}
{"ts":"2026-04-05T19:16:51.989314+00:00","action":"LIFECYCLE_CHANGE","entity_type":"users","entity_id":"test-b9310218","details":"ACTIVE -> ACTIVE"}
{"ts":"2026-04-05T19:16:51.993963+00:00","action":"LIFECYCLE_CHANGE","entity_type":"users","entity_id":"test-b9310218","details":"ACTIVE -> COMPLETED"}
{"ts":"2026-04-05T19:16:52.002926+00:00","action":"CREATE","entity_type":"targets","entity_id":"tgt-0ae06d9f","details":""}
{"ts":"2026-04-05T19:25:56.857423+00:00","action":"CREATE","entity_type":"users","entity_id":"test-fc43b127","details":""}
{"ts":"2026-04-05T19:25:56.872414+00:00","action":"LIFECYCLE_CHANGE","entity_type":"users","entity_id":"test-fc43b127","details":"ACTIVE -> ACTIVE"}
{"ts":"2026-04-05T19:25:56.877414+00:00","action":"LIFECYCLE_CHANGE","entity_type":"users","entity_id":"test-fc43b127","details":"ACTIVE -> COMPLETED"}
{"ts":"2026-04-05T19:25:56.885923+00:00","action":"CREATE","entity_type":"targets","entity_id":"tgt-2abd0cf5","details":""}
{"ts":"2026-04-05T19:42:07.641186+00:00","action":"CREATE","entity_type":"users","entity_id":"test-eb2dbc83","details":""}
{"ts":"2026-04-05T19:42:07.656234+00:00","action":"LIFECYCLE_CHANGE","entity_type":"users","entity_id":"test-eb2dbc83","details":"ACTIVE -> ACTIVE"}
{"ts":"2026-04-05T19:42:07.662289+00:00","action":"LIFECYCLE_CHANGE","entity_type":"users","entity_id":"test-eb2dbc83","details":"ACTIVE -> COMPLETED"}
{"ts":"2026-04-05T19:42:07.670349+00:00","action":"CREATE","entity_type":"targets","entity_id":"tgt-99665d4a","details":""}
{"ts":"2026-04-05T20:01:34.588997+00:00","action":"CREATE","entity_type":"users","entity_id":"test-1fa4c06b","details":""}
{"ts":"2026-04-05T20:01:34.607446+00:00","action":"LIFECYCLE_CHANGE","entity_type":"users","entity_id":"test-1fa4c06b","details":"ACTIVE -> ACTIVE"}
{"ts":"2026-04-05T20:01:34.611168+00:00","action":"LIFECYCLE_CHANGE","entity_type":"users","entity_id":"test-1fa4c06b","details":"ACTIVE -> COMPLETED"}
{"ts":"2026-04-05T20:01:34.620251+00:00","action":"CREATE","entity_type":"targets","entity_id":"tgt-3a8373ff","details":""}
{"ts":"2026-04-05T20:07:53.143354+00:00","action":"CREATE","entity_type":"users","entity_id":"test-80235a54","details":""}
{"ts":"2026-04-05T20:07:53.163986+00:00","action":"LIFECYCLE_CHANGE","entity_type":"users","entity_id":"test-80235a54","details":"ACTIVE -> ACTIVE"}
{"ts":"2026-04-05T20:07:53.168363+00:00","action":"LIFECYCLE_CHANGE","entity_type":"users","entity_id":"test-80235a54","details":"ACTIVE -> COMPLETED"}
{"ts":"2026-04-05T20:07:53.178303+00:00","action":"CREATE","entity_type":"targets","entity_id":"tgt-09c80ad3","details":""}
{"ts":"2026-04-05T20:12:54.345024+00:00","action":"CREATE","entity_type":"users","entity_id":"test-411a43b7","details":""}
{"ts":"2026-04-05T20:12:54.363393+00:00","action":"LIFECYCLE_CHANGE","entity_type":"users","entity_id":"test-411a43b7","details":"ACTIVE -> ACTIVE"}
{"ts":"2026-04-05T20:12:54.368565+00:00","action":"LIFECYCLE_CHANGE","entity_type":"users","entity_id":"test-411a43b7","details":"ACTIVE -> COMPLETED"}
{"ts":"2026-04-05T20:12:54.377310+00:00","action":"CREATE","entity_type":"targets","entity_id":"tgt-ea23cd62","details":""}
{"ts":"2026-04-06T04:36:35.828456+00:00","action":"CREATE","entity_type":"users","entity_id":"test-f7094fd5","details":""}
{"ts":"2026-04-06T04:36:35.850365+00:00","action":"LIFECYCLE_CHANGE","entity_type":"users","entity_id":"test-f7094fd5","details":"ACTIVE -> ACTIVE"}
{"ts":"2026-04-06T04:36:35.858960+00:00","action":"LIFECYCLE_CHANGE","entity_type":"users","entity_id":"test-f7094fd5","details":"ACTIVE -> COMPLETED"}
{"ts":"2026-04-06T04:36:35.870776+00:00","action":"CREATE","entity_type":"targets","entity_id":"tgt-a20e659d","details":""}
{"ts":"2026-04-06T04:43:55.035593+00:00","action":"CREATE","entity_type":"users","entity_id":"test-0d0303ee","details":""}
{"ts":"2026-04-06T04:43:55.055904+00:00","action":"LIFECYCLE_CHANGE","entity_type":"users","entity_id":"test-0d0303ee","details":"ACTIVE -> ACTIVE"}
{"ts":"2026-04-06T04:43:55.060569+00:00","action":"LIFECYCLE_CHANGE","entity_type":"users","entity_id":"test-0d0303ee","details":"ACTIVE -> COMPLETED"}
{"ts":"2026-04-06T04:43:55.069587+00:00","action":"CREATE","entity_type":"targets","entity_id":"tgt-2c205277","details":""}
{"ts":"2026-04-06T05:52:15.174140+00:00","action":"CREATE","entity_type":"users","entity_id":"test-9ed00418","details":""}
{"ts":"2026-04-06T05:52:15.234155+00:00","action":"LIFECYCLE_CHANGE","entity_type":"users","entity_id":"test-9ed00418","details":"ACTIVE -> ACTIVE"}
{"ts":"2026-04-06T05:52:15.255718+00:00","action":"LIFECYCLE_CHANGE","entity_type":"users","entity_id":"test-9ed00418","details":"ACTIVE -> COMPLETED"}
{"ts":"2026-04-06T05:52:15.310159+00:00","action":"CREATE","entity_type":"targets","entity_id":"tgt-75d60467","details":""}
{"ts":"2026-04-06T05:53:36.461231+00:00","action":"CREATE","entity_type":"users","entity_id":"test-622f61a5","details":""}
{"ts":"2026-04-06T05:53:36.521841+00:00","action":"LIFECYCLE_CHANGE","entity_type":"users","entity_id":"test-622f61a5","details":"ACTIVE -> ACTIVE"}
{"ts":"2026-04-06T05:53:36.539292+00:00","action":"LIFECYCLE_CHANGE","entity_type":"users","entity_id":"test-622f61a5","details":"ACTIVE -> COMPLETED"}
{"ts":"2026-04-06T05:53:36.591407+00:00","action":"CREATE","entity_type":"targets","entity_id":"tgt-2e373123","details":""}
{"ts":"2026-04-06T05:55:14.381072+00:00","action":"CREATE","entity_type":"users","entity_id":"test-234ca5be","details":""}
{"ts":"2026-04-06T05:55:14.433954+00:00","action":"LIFECYCLE_CHANGE","entity_type":"users","entity_id":"test-234ca5be","details":"ACTIVE -> ACTIVE"}
{"ts":"2026-04-06T05:55:14.456980+00:00","action":"LIFECYCLE_CHANGE","entity_type":"users","entity_id":"test-234ca5be","details":"ACTIVE -> COMPLETED"}
{"ts":"2026-04-06T05:55:14.502465+00:00","action":"CREATE","entity_type":"targets","entity_id":"tgt-ffa749c0","details":""}
{"ts":"2026-04-06T06:00:36.567489+00:00","action":"CREATE","entity_type":"users","entity_id":"test-cccb1ece","details":""}
{"ts":"2026-04-06T06:00:36.619444+00:00","action":"LIFECYCLE_CHANGE","entity_type":"users","entity_id":"test-cccb1ece","details":"ACTIVE -> ACTIVE"}
{"ts":"2026-04-06T06:00:36.642337+00:00","action":"LIFECYCLE_CHANGE","entity_type":"users","entity_id":"test-cccb1ece","details":"ACTIVE -> COMPLETED"}
{"ts":"2026-04-06T06:00:36.686213+00:00","action":"CREATE","entity_type":"targets","entity_id":"tgt-1418beb8","details":""}
{"ts":"2026-04-06T07:03:57.265180+00:00","action":"CREATE","entity_type":"users","entity_id":"test-22342164","details":""}
{"ts":"2026-04-06T07:03:57.287216+00:00","action":"LIFECYCLE_CHANGE","entity_type":"users","entity_id":"test-22342164","details":"ACTIVE -> ACTIVE"}
{"ts":"2026-04-06T07:03:57.294849+00:00","action":"LIFECYCLE_CHANGE","entity_type":"users","entity_id":"test-22342164","details":"ACTIVE -> COMPLETED"}
{"ts":"2026-04-06T07:03:57.307578+00:00","action":"CREATE","entity_type":"targets","entity_id":"tgt-488e9d33","details":""}
{"ts":"2026-04-06T07:47:08.217004+00:00","action":"CREATE","entity_type":"users","entity_id":"test-9b7ef96a","details":""}
{"ts":"2026-04-06T07:47:08.240023+00:00","action":"LIFECYCLE_CHANGE","entity_type":"users","entity_id":"test-9b7ef96a","details":"ACTIVE -> ACTIVE"}
{"ts":"2026-04-06T07:47:08.245371+00:00","action":"LIFECYCLE_CHANGE","entity_type":"users","entity_id":"test-9b7ef96a","details":"ACTIVE -> COMPLETED"}
{"ts":"2026-04-06T07:47:08.259451+00:00","action":"CREATE","entity_type":"targets","entity_id":"tgt-063f8e81","details":""}
{"ts":"2026-04-06T08:35:23.603558+00:00","action":"CREATE","entity_type":"users","entity_id":"test-28697686","details":""}
{"ts":"2026-04-06T08:35:23.627501+00:00","action":"LIFECYCLE_CHANGE","entity_type":"users","entity_id":"test-28697686","details":"ACTIVE -> ACTIVE"}
{"ts":"2026-04-06T08:35:23.631505+00:00","action":"LIFECYCLE_CHANGE","entity_type":"users","entity_id":"test-28697686","details":"ACTIVE -> COMPLETED"}
{"ts":"2026-04-06T08:35:23.641706+00:00","action":"CREATE","entity_type":"targets","entity_id":"tgt-e3c944f4","details":""}
{"ts":"2026-04-06T08:51:04.642984+00:00","action":"CREATE","entity_type":"users","entity_id":"test-7b7363c9","details":""}
{"ts":"2026-04-06T08:51:04.663592+00:00","action":"LIFECYCLE_CHANGE","entity_type":"users","entity_id":"test-7b7363c9","details":"ACTIVE -> ACTIVE"}
{"ts":"2026-04-06T08:51:04.669996+00:00","action":"LIFECYCLE_CHANGE","entity_type":"users","entity_id":"test-7b7363c9","details":"ACTIVE -> COMPLETED"}
{"ts":"2026-04-06T08:51:04.681931+00:00","action":"CREATE","entity_type":"targets","entity_id":"tgt-06883c01","details":""}
{"ts":"2026-04-06T09:11:11.899761+00:00","action":"CREATE","entity_type":"users","entity_id":"test-efe82448","details":""}
{"ts":"2026-04-06T09:11:11.924230+00:00","action":"LIFECYCLE_CHANGE","entity_type":"users","entity_id":"test-efe82448","details":"ACTIVE -> ACTIVE"}
{"ts":"2026-04-06T09:11:11.930251+00:00","action":"LIFECYCLE_CHANGE","entity_type":"users","entity_id":"test-efe82448","details":"ACTIVE -> COMPLETED"}
{"ts":"2026-04-06T09:11:11.945328+00:00","action":"CREATE","entity_type":"targets","entity_id":"tgt-392fa3da","details":""}
{"ts":"2026-04-06T09:11:25.787001+00:00","action":"CREATE","entity_type":"users","entity_id":"test-3d0dad11","details":""}
{"ts":"2026-04-06T09:11:25.819118+00:00","action":"LIFECYCLE_CHANGE","entity_type":"users","entity_id":"test-3d0dad11","details":"ACTIVE -> ACTIVE"}
{"ts":"2026-04-06T09:11:25.828145+00:00","action":"LIFECYCLE_CHANGE","entity_type":"users","entity_id":"test-3d0dad11","details":"ACTIVE -> COMPLETED"}
{"ts":"2026-04-06T09:11:25.844635+00:00","action":"CREATE","entity_type":"targets","entity_id":"tgt-45d34028","details":""}
{"ts":"2026-04-06T09:12:28.734179+00:00","action":"CREATE","entity_type":"users","entity_id":"test-df025012","details":""}
{"ts":"2026-04-06T09:12:28.761971+00:00","action":"LIFECYCLE_CHANGE","entity_type":"users","entity_id":"test-df025012","details":"ACTIVE -> ACTIVE"}
{"ts":"2026-04-06T09:12:28.768079+00:00","action":"LIFECYCLE_CHANGE","entity_type":"users","entity_id":"test-df025012","details":"ACTIVE -> COMPLETED"}
{"ts":"2026-04-06T09:12:28.781582+00:00","action":"CREATE","entity_type":"targets","entity_id":"tgt-282c4a3b","details":""}
{"ts":"2026-04-06T09:25:27.907162+00:00","action":"CREATE","entity_type":"users","entity_id":"test-01854711","details":""}
{"ts":"2026-04-06T09:25:27.952078+00:00","action":"LIFECYCLE_CHANGE","entity_type":"users","entity_id":"test-01854711","details":"ACTIVE -> ACTIVE"}
{"ts":"2026-04-06T09:25:27.959785+00:00","action":"LIFECYCLE_CHANGE","entity_type":"users","entity_id":"test-01854711","details":"ACTIVE -> COMPLETED"}
{"ts":"2026-04-06T09:25:27.973038+00:00","action":"CREATE","entity_type":"targets","entity_id":"tgt-c64b5e42","details":""}
{"ts":"2026-04-06T10:13:25.965380+00:00","action":"CREATE","entity_type":"users","entity_id":"test-c7498480","details":""}
{"ts":"2026-04-06T10:13:25.994976+00:00","action":"LIFECYCLE_CHANGE","entity_type":"users","entity_id":"test-c7498480","details":"ACTIVE -> ACTIVE"}
{"ts":"2026-04-06T10:13:26.001066+00:00","action":"LIFECYCLE_CHANGE","entity_type":"users","entity_id":"test-c7498480","details":"ACTIVE -> COMPLETED"}
{"ts":"2026-04-06T10:13:26.010771+00:00","action":"CREATE","entity_type":"targets","entity_id":"tgt-df3df6af","details":""}
{"ts":"2026-04-06T10:59:17.144938+00:00","action":"CREATE","entity_type":"users","entity_id":"test-8dad3b7c","details":""}
{"ts":"2026-04-06T10:59:17.174812+00:00","action":"LIFECYCLE_CHANGE","entity_type":"users","entity_id":"test-8dad3b7c","details":"ACTIVE -> ACTIVE"}
{"ts":"2026-04-06T10:59:17.184710+00:00","action":"LIFECYCLE_CHANGE","entity_type":"users","entity_id":"test-8dad3b7c","details":"ACTIVE -> COMPLETED"}
{"ts":"2026-04-06T10:59:17.199286+00:00","action":"CREATE","entity_type":"targets","entity_id":"tgt-0af77934","details":""}
{"ts":"2026-04-06T18:49:43.557677+00:00","action":"CREATE","entity_type":"users","entity_id":"test-6cc6a3fd","details":""}
{"ts":"2026-04-06T18:49:43.576331+00:00","action":"LIFECYCLE_CHANGE","entity_type":"users","entity_id":"test-6cc6a3fd","details":"ACTIVE -> ACTIVE"}
{"ts":"2026-04-06T18:49:43.581465+00:00","action":"LIFECYCLE_CHANGE","entity_type":"users","entity_id":"test-6cc6a3fd","details":"ACTIVE -> COMPLETED"}
{"ts":"2026-04-06T18:49:43.596724+00:00","action":"CREATE","entity_type":"targets","entity_id":"tgt-bc1955b3","details":""}
{"ts":"2026-04-06T19:56:13.863515+00:00","action":"CREATE","entity_type":"users","entity_id":"test-8dea5bd0","details":""}
{"ts":"2026-04-06T19:56:13.884313+00:00","action":"LIFECYCLE_CHANGE","entity_type":"users","entity_id":"test-8dea5bd0","details":"ACTIVE -> ACTIVE"}
{"ts":"2026-04-06T19:56:13.889943+00:00","action":"LIFECYCLE_CHANGE","entity_type":"users","entity_id":"test-8dea5bd0","details":"ACTIVE -> COMPLETED"}
{"ts":"2026-04-06T19:56:13.899424+00:00","action":"CREATE","entity_type":"targets","entity_id":"tgt-568fa7fc","details":""}
{"ts":"2026-04-07T08:35:25.875528+00:00","action":"CREATE","entity_type":"users","entity_id":"test-d8fe12e7","details":""}
{"ts":"2026-04-07T08:35:25.905252+00:00","action":"LIFECYCLE_CHANGE","entity_type":"users","entity_id":"test-d8fe12e7","details":"ACTIVE -> ACTIVE"}
{"ts":"2026-04-07T08:35:25.909368+00:00","action":"LIFECYCLE_CHANGE","entity_type":"users","entity_id":"test-d8fe12e7","details":"ACTIVE -> COMPLETED"}
{"ts":"2026-04-07T08:35:25.918375+00:00","action":"CREATE","entity_type":"targets","entity_id":"tgt-333a8226","details":""}
{"ts":"2026-04-07T09:56:48.587236+00:00","action":"CREATE","entity_type":"users","entity_id":"test-c58d0d3d","details":""}
{"ts":"2026-04-07T09:56:48.632652+00:00","action":"LIFECYCLE_CHANGE","entity_type":"users","entity_id":"test-c58d0d3d","details":"ACTIVE -> ACTIVE"}
{"ts":"2026-04-07T09:56:48.638929+00:00","action":"LIFECYCLE_CHANGE","entity_type":"users","entity_id":"test-c58d0d3d","details":"ACTIVE -> COMPLETED"}
{"ts":"2026-04-07T09:56:48.650394+00:00","action":"CREATE","entity_type":"targets","entity_id":"tgt-4b11a7bb","details":""}
{"ts":"2026-04-07T10:27:41.079011+00:00","action":"CREATE","entity_type":"users","entity_id":"test-81c9a64d","details":""}
{"ts":"2026-04-07T10:27:41.128418+00:00","action":"LIFECYCLE_CHANGE","entity_type":"users","entity_id":"test-81c9a64d","details":"ACTIVE -> ACTIVE"}
{"ts":"2026-04-07T10:27:41.135417+00:00","action":"LIFECYCLE_CHANGE","entity_type":"users","entity_id":"test-81c9a64d","details":"ACTIVE -> COMPLETED"}
{"ts":"2026-04-07T10:27:41.149001+00:00","action":"CREATE","entity_type":"targets","entity_id":"tgt-30cf17dd","details":""}
{"ts":"2026-04-07T10:53:38.058168+00:00","action":"CREATE","entity_type":"users","entity_id":"test-77248cf4","details":""}
{"ts":"2026-04-07T10:53:38.105139+00:00","action":"LIFECYCLE_CHANGE","entity_type":"users","entity_id":"test-77248cf4","details":"ACTIVE -> ACTIVE"}
{"ts":"2026-04-07T10:53:38.110395+00:00","action":"LIFECYCLE_CHANGE","entity_type":"users","entity_id":"test-77248cf4","details":"ACTIVE -> COMPLETED"}
{"ts":"2026-04-07T10:53:38.122561+00:00","action":"CREATE","entity_type":"targets","entity_id":"tgt-cc77b698","details":""}
{"ts":"2026-04-07T11:20:19.322467+00:00","action":"CREATE","entity_type":"users","entity_id":"test-10f160d6","details":""}
{"ts":"2026-04-07T11:20:19.368323+00:00","action":"LIFECYCLE_CHANGE","entity_type":"users","entity_id":"test-10f160d6","details":"ACTIVE -> ACTIVE"}
{"ts":"2026-04-07T11:20:19.377054+00:00","action":"LIFECYCLE_CHANGE","entity_type":"users","entity_id":"test-10f160d6","details":"ACTIVE -> COMPLETED"}
{"ts":"2026-04-07T11:20:19.385882+00:00","action":"CREATE","entity_type":"targets","entity_id":"tgt-20ceca3c","details":""}
{"ts":"2026-04-07T12:56:34.839553+00:00","action":"CREATE","entity_type":"users","entity_id":"test-09ab4b70","details":""}
{"ts":"2026-04-07T12:56:34.880845+00:00","action":"LIFECYCLE_CHANGE","entity_type":"users","entity_id":"test-09ab4b70","details":"ACTIVE -> ACTIVE"}
{"ts":"2026-04-07T12:56:34.884950+00:00","action":"LIFECYCLE_CHANGE","entity_type":"users","entity_id":"test-09ab4b70","details":"ACTIVE -> COMPLETED"}
{"ts":"2026-04-07T12:56:34.895560+00:00","action":"CREATE","entity_type":"targets","entity_id":"tgt-f97626eb","details":""}
{"ts":"2026-04-07T13:39:14.794322+00:00","action":"CREATE","entity_type":"users","entity_id":"test-637ec236","details":""}
{"ts":"2026-04-07T13:39:14.835909+00:00","action":"LIFECYCLE_CHANGE","entity_type":"users","entity_id":"test-637ec236","details":"ACTIVE -> ACTIVE"}
{"ts":"2026-04-07T13:39:14.840908+00:00","action":"LIFECYCLE_CHANGE","entity_type":"users","entity_id":"test-637ec236","details":"ACTIVE -> COMPLETED"}
{"ts":"2026-04-07T13:39:14.850180+00:00","action":"CREATE","entity_type":"targets","entity_id":"tgt-73d85eb4","details":""}
{"ts":"2026-04-07T15:18:16.617961+00:00","action":"CREATE","entity_type":"users","entity_id":"test-f26741e1","details":""}
{"ts":"2026-04-07T15:18:16.659625+00:00","action":"LIFECYCLE_CHANGE","entity_type":"users","entity_id":"test-f26741e1","details":"ACTIVE -> ACTIVE"}
{"ts":"2026-04-07T15:18:16.665227+00:00","action":"LIFECYCLE_CHANGE","entity_type":"users","entity_id":"test-f26741e1","details":"ACTIVE -> COMPLETED"}
{"ts":"2026-04-07T15:18:16.673889+00:00","action":"CREATE","entity_type":"targets","entity_id":"tgt-d20f496c","details":""}
{"ts":"2026-04-07T15:48:34.359288+00:00","action":"CREATE","entity_type":"users","entity_id":"test-1495ccb4","details":""}
{"ts":"2026-04-07T15:48:34.400346+00:00","action":"LIFECYCLE_CHANGE","entity_type":"users","entity_id":"test-1495ccb4","details":"ACTIVE -> ACTIVE"}
{"ts":"2026-04-07T15:48:34.406343+00:00","action":"LIFECYCLE_CHANGE","entity_type":"users","entity_id":"test-1495ccb4","details":"ACTIVE -> COMPLETED"}
{"ts":"2026-04-07T15:48:34.419909+00:00","action":"CREATE","entity_type":"targets","entity_id":"tgt-198e26e7","details":""}
{"ts":"2026-04-07T16:53:12.108853+00:00","action":"CREATE","entity_type":"users","entity_id":"test-9a9cc33f","details":""}
{"ts":"2026-04-07T16:53:12.151690+00:00","action":"LIFECYCLE_CHANGE","entity_type":"users","entity_id":"test-9a9cc33f","details":"ACTIVE -> ACTIVE"}
{"ts":"2026-04-07T16:53:12.157397+00:00","action":"LIFECYCLE_CHANGE","entity_type":"users","entity_id":"test-9a9cc33f","details":"ACTIVE -> COMPLETED"}
{"ts":"2026-04-07T16:53:12.167037+00:00","action":"CREATE","entity_type":"targets","entity_id":"tgt-f054f05f","details":""}
{"ts":"2026-04-07T17:48:52.359583+00:00","action":"CREATE","entity_type":"users","entity_id":"test-9dbd2f90","details":""}
{"ts":"2026-04-07T17:48:52.371542+00:00","action":"LIFECYCLE_CHANGE","entity_type":"users","entity_id":"test-9dbd2f90","details":"ACTIVE -> ACTIVE"}
{"ts":"2026-04-07T17:48:52.376716+00:00","action":"LIFECYCLE_CHANGE","entity_type":"users","entity_id":"test-9dbd2f90","details":"ACTIVE -> COMPLETED"}
{"ts":"2026-04-07T17:48:52.385893+00:00","action":"CREATE","entity_type":"targets","entity_id":"tgt-fa752c62","details":""}
{"ts":"2026-04-07T19:05:26.742490+00:00","action":"CREATE","entity_type":"users","entity_id":"test-babe0184","details":""}
{"ts":"2026-04-07T19:05:26.757280+00:00","action":"LIFECYCLE_CHANGE","entity_type":"users","entity_id":"test-babe0184","details":"ACTIVE -> ACTIVE"}
{"ts":"2026-04-07T19:05:26.762655+00:00","action":"LIFECYCLE_CHANGE","entity_type":"users","entity_id":"test-babe0184","details":"ACTIVE -> COMPLETED"}
{"ts":"2026-04-07T19:05:26.773866+00:00","action":"CREATE","entity_type":"targets","entity_id":"tgt-a3c69187","details":""}
{"ts":"2026-04-07T19:55:33.280000+00:00","action":"CREATE","entity_type":"users","entity_id":"test-3664f5d3","details":""}
{"ts":"2026-04-07T19:55:33.302390+00:00","action":"LIFECYCLE_CHANGE","entity_type":"users","entity_id":"test-3664f5d3","details":"ACTIVE -> ACTIVE"}
{"ts":"2026-04-07T19:55:33.309574+00:00","action":"LIFECYCLE_CHANGE","entity_type":"users","entity_id":"test-3664f5d3","details":"ACTIVE -> COMPLETED"}
{"ts":"2026-04-07T19:55:33.325251+00:00","action":"CREATE","entity_type":"targets","entity_id":"tgt-ed22ba9e","details":""}
{"ts":"2026-04-07T21:10:14.575386+00:00","action":"CREATE","entity_type":"users","entity_id":"test-94a7dc3a","details":""}
{"ts":"2026-04-07T21:10:14.590677+00:00","action":"LIFECYCLE_CHANGE","entity_type":"users","entity_id":"test-94a7dc3a","details":"ACTIVE -> ACTIVE"}
{"ts":"2026-04-07T21:10:14.595691+00:00","action":"LIFECYCLE_CHANGE","entity_type":"users","entity_id":"test-94a7dc3a","details":"ACTIVE -> COMPLETED"}
{"ts":"2026-04-07T21:10:14.605353+00:00","action":"CREATE","entity_type":"targets","entity_id":"tgt-75ea4e7f","details":""}
{"ts":"2026-04-07T22:31:49.453531+00:00","action":"CREATE","entity_type":"users","entity_id":"test-56307949","details":""}
{"ts":"2026-04-07T22:31:49.478575+00:00","action":"LIFECYCLE_CHANGE","entity_type":"users","entity_id":"test-56307949","details":"ACTIVE -> ACTIVE"}
{"ts":"2026-04-07T22:31:49.486890+00:00","action":"LIFECYCLE_CHANGE","entity_type":"users","entity_id":"test-56307949","details":"ACTIVE -> COMPLETED"}
{"ts":"2026-04-07T22:31:49.500662+00:00","action":"CREATE","entity_type":"targets","entity_id":"tgt-550ae8c1","details":""}
{"ts":"2026-04-08T06:28:47.211760+00:00","action":"CREATE","entity_type":"users","entity_id":"test-85954f73","details":""}
{"ts":"2026-04-08T06:28:47.229318+00:00","action":"LIFECYCLE_CHANGE","entity_type":"users","entity_id":"test-85954f73","details":"ACTIVE -> ACTIVE"}
{"ts":"2026-04-08T06:28:47.234749+00:00","action":"LIFECYCLE_CHANGE","entity_type":"users","entity_id":"test-85954f73","details":"ACTIVE -> COMPLETED"}
{"ts":"2026-04-08T06:28:47.245458+00:00","action":"CREATE","entity_type":"targets","entity_id":"tgt-d853ea70","details":""}
{"ts":"2026-04-08T06:40:57.468345+00:00","action":"CREATE","entity_type":"users","entity_id":"test-fcb6674c","details":""}
{"ts":"2026-04-08T06:40:57.484033+00:00","action":"LIFECYCLE_CHANGE","entity_type":"users","entity_id":"test-fcb6674c","details":"ACTIVE -> ACTIVE"}
{"ts":"2026-04-08T06:40:57.488546+00:00","action":"LIFECYCLE_CHANGE","entity_type":"users","entity_id":"test-fcb6674c","details":"ACTIVE -> COMPLETED"}
{"ts":"2026-04-08T06:40:57.499117+00:00","action":"CREATE","entity_type":"targets","entity_id":"tgt-b2c2df08","details":""}
{"ts":"2026-04-08T07:31:59.939432+00:00","action":"CREATE","entity_type":"users","entity_id":"test-34b45551","details":""}
{"ts":"2026-04-08T07:31:59.954940+00:00","action":"LIFECYCLE_CHANGE","entity_type":"users","entity_id":"test-34b45551","details":"ACTIVE -> ACTIVE"}
{"ts":"2026-04-08T07:31:59.960458+00:00","action":"LIFECYCLE_CHANGE","entity_type":"users","entity_id":"test-34b45551","details":"ACTIVE -> COMPLETED"}
{"ts":"2026-04-08T07:31:59.969965+00:00","action":"CREATE","entity_type":"targets","entity_id":"tgt-5e7a40e5","details":""}
{"ts":"2026-04-08T07:34:21.473895+00:00","action":"CREATE","entity_type":"users","entity_id":"test-67d39a75","details":""}
{"ts":"2026-04-08T07:34:21.498407+00:00","action":"LIFECYCLE_CHANGE","entity_type":"users","entity_id":"test-67d39a75","details":"ACTIVE -> ACTIVE"}
{"ts":"2026-04-08T07:34:21.509219+00:00","action":"LIFECYCLE_CHANGE","entity_type":"users","entity_id":"test-67d39a75","details":"ACTIVE -> COMPLETED"}
{"ts":"2026-04-08T07:34:21.541156+00:00","action":"CREATE","entity_type":"targets","entity_id":"tgt-0e4d5379","details":""}
{"ts":"2026-04-08T08:21:08.272265+00:00","action":"CREATE","entity_type":"users","entity_id":"test-40f6ce89","details":""}
{"ts":"2026-04-08T08:21:08.290278+00:00","action":"LIFECYCLE_CHANGE","entity_type":"users","entity_id":"test-40f6ce89","details":"ACTIVE -> ACTIVE"}
{"ts":"2026-04-08T08:21:08.295290+00:00","action":"LIFECYCLE_CHANGE","entity_type":"users","entity_id":"test-40f6ce89","details":"ACTIVE -> COMPLETED"}
{"ts":"2026-04-08T08:21:08.304291+00:00","action":"CREATE","entity_type":"targets","entity_id":"tgt-97db3af7","details":""}
{"ts":"2026-04-08T09:10:40.804739+00:00","action":"CREATE","entity_type":"users","entity_id":"test-fd1ede48","details":""}
{"ts":"2026-04-08T09:10:40.822435+00:00","action":"LIFECYCLE_CHANGE","entity_type":"users","entity_id":"test-fd1ede48","details":"ACTIVE -> ACTIVE"}
{"ts":"2026-04-08T09:10:40.827715+00:00","action":"LIFECYCLE_CHANGE","entity_type":"users","entity_id":"test-fd1ede48","details":"ACTIVE -> COMPLETED"}
{"ts":"2026-04-08T09:10:40.837176+00:00","action":"CREATE","entity_type":"targets","entity_id":"tgt-93f82bbc","details":""}
{"ts":"2026-04-08T10:18:16.160266+00:00","action":"CREATE","entity_type":"users","entity_id":"test-018b035a","details":""}
{"ts":"2026-04-08T10:18:16.179537+00:00","action":"LIFECYCLE_CHANGE","entity_type":"users","entity_id":"test-018b035a","details":"ACTIVE -> ACTIVE"}
{"ts":"2026-04-08T10:18:16.185580+00:00","action":"LIFECYCLE_CHANGE","entity_type":"users","entity_id":"test-018b035a","details":"ACTIVE -> COMPLETED"}
{"ts":"2026-04-08T10:18:16.194590+00:00","action":"CREATE","entity_type":"targets","entity_id":"tgt-21b5e264","details":""}
{"ts":"2026-04-08T10:20:45.708108+00:00","action":"CREATE","entity_type":"users","entity_id":"test-cd5f039c","details":""}
{"ts":"2026-04-08T10:20:45.729960+00:00","action":"LIFECYCLE_CHANGE","entity_type":"users","entity_id":"test-cd5f039c","details":"ACTIVE -> ACTIVE"}
{"ts":"2026-04-08T10:20:45.735469+00:00","action":"LIFECYCLE_CHANGE","entity_type":"users","entity_id":"test-cd5f039c","details":"ACTIVE -> COMPLETED"}
{"ts":"2026-04-08T10:20:45.745005+00:00","action":"CREATE","entity_type":"targets","entity_id":"tgt-35253945","details":""}
{"ts":"2026-04-08T11:06:28.350975+00:00","action":"CREATE","entity_type":"users","entity_id":"test-376fa595","details":""}
{"ts":"2026-04-08T11:06:28.383056+00:00","action":"LIFECYCLE_CHANGE","entity_type":"users","entity_id":"test-376fa595","details":"ACTIVE -> ACTIVE"}
{"ts":"2026-04-08T11:06:28.389925+00:00","action":"LIFECYCLE_CHANGE","entity_type":"users","entity_id":"test-376fa595","details":"ACTIVE -> COMPLETED"}
{"ts":"2026-04-08T11:06:28.405387+00:00","action":"CREATE","entity_type":"targets","entity_id":"tgt-7838ff70","details":""}
{"ts":"2026-04-08T11:08:28.287107+00:00","action":"CREATE","entity_type":"users","entity_id":"test-61ce279a","details":""}
{"ts":"2026-04-08T11:08:28.311924+00:00","action":"LIFECYCLE_CHANGE","entity_type":"users","entity_id":"test-61ce279a","details":"ACTIVE -> ACTIVE"}
{"ts":"2026-04-08T11:08:28.316627+00:00","action":"LIFECYCLE_CHANGE","entity_type":"users","entity_id":"test-61ce279a","details":"ACTIVE -> COMPLETED"}
{"ts":"2026-04-08T11:08:28.329468+00:00","action":"CREATE","entity_type":"targets","entity_id":"tgt-a736a7e5","details":""}
{"ts":"2026-04-08T11:10:29.872380+00:00","action":"CREATE","entity_type":"users","entity_id":"test-e708fbb6","details":""}
{"ts":"2026-04-08T11:10:29.894395+00:00","action":"LIFECYCLE_CHANGE","entity_type":"users","entity_id":"test-e708fbb6","details":"ACTIVE -> ACTIVE"}
{"ts":"2026-04-08T11:10:29.900536+00:00","action":"LIFECYCLE_CHANGE","entity_type":"users","entity_id":"test-e708fbb6","details":"ACTIVE -> COMPLETED"}
{"ts":"2026-04-08T11:10:29.910936+00:00","action":"CREATE","entity_type":"targets","entity_id":"tgt-38ab8017","details":""}
{"ts":"2026-04-08T12:25:04.936554+00:00","action":"CREATE","entity_type":"users","entity_id":"test-75927abb","details":""}
{"ts":"2026-04-08T12:25:04.972701+00:00","action":"LIFECYCLE_CHANGE","entity_type":"users","entity_id":"test-75927abb","details":"ACTIVE -> ACTIVE"}
{"ts":"2026-04-08T12:25:04.979621+00:00","action":"LIFECYCLE_CHANGE","entity_type":"users","entity_id":"test-75927abb","details":"ACTIVE -> COMPLETED"}
{"ts":"2026-04-08T12:25:04.992642+00:00","action":"CREATE","entity_type":"targets","entity_id":"tgt-cd475d87","details":""}
{"ts":"2026-04-08T14:14:25.748359+00:00","action":"CREATE","entity_type":"users","entity_id":"test-81740364","details":""}
{"ts":"2026-04-08T14:14:25.784089+00:00","action":"LIFECYCLE_CHANGE","entity_type":"users","entity_id":"test-81740364","details":"ACTIVE -> ACTIVE"}
{"ts":"2026-04-08T14:14:25.791188+00:00","action":"LIFECYCLE_CHANGE","entity_type":"users","entity_id":"test-81740364","details":"ACTIVE -> COMPLETED"}
{"ts":"2026-04-08T14:14:25.809172+00:00","action":"CREATE","entity_type":"targets","entity_id":"tgt-5f56f81b","details":""}
{"ts":"2026-04-08T15:47:16.604107+00:00","action":"CREATE","entity_type":"users","entity_id":"test-e698d14e","details":""}
{"ts":"2026-04-08T15:47:16.655870+00:00","action":"LIFECYCLE_CHANGE","entity_type":"users","entity_id":"test-e698d14e","details":"ACTIVE -> ACTIVE"}
{"ts":"2026-04-08T15:47:16.662829+00:00","action":"LIFECYCLE_CHANGE","entity_type":"users","entity_id":"test-e698d14e","details":"ACTIVE -> COMPLETED"}
{"ts":"2026-04-08T15:47:16.679751+00:00","action":"CREATE","entity_type":"targets","entity_id":"tgt-53531fa5","details":""}
{"ts":"2026-04-08T15:50:01.557943+00:00","action":"CREATE","entity_type":"users","entity_id":"test-5bf25a01","details":""}
{"ts":"2026-04-08T15:50:01.593409+00:00","action":"LIFECYCLE_CHANGE","entity_type":"users","entity_id":"test-5bf25a01","details":"ACTIVE -> ACTIVE"}
{"ts":"2026-04-08T15:50:01.600563+00:00","action":"LIFECYCLE_CHANGE","entity_type":"users","entity_id":"test-5bf25a01","details":"ACTIVE -> COMPLETED"}
{"ts":"2026-04-08T15:50:01.616320+00:00","action":"CREATE","entity_type":"targets","entity_id":"tgt-466a219f","details":""}
{"ts":"2026-04-08T15:56:33.008733+00:00","action":"CREATE","entity_type":"users","entity_id":"test-66cfcb01","details":""}
{"ts":"2026-04-08T15:56:33.037683+00:00","action":"LIFECYCLE_CHANGE","entity_type":"users","entity_id":"test-66cfcb01","details":"ACTIVE -> ACTIVE"}
{"ts":"2026-04-08T15:56:33.044197+00:00","action":"LIFECYCLE_CHANGE","entity_type":"users","entity_id":"test-66cfcb01","details":"ACTIVE -> COMPLETED"}
{"ts":"2026-04-08T15:56:33.056977+00:00","action":"CREATE","entity_type":"targets","entity_id":"tgt-5faba9ee","details":""}
{"ts":"2026-04-08T16:01:59.237187+00:00","action":"CREATE","entity_type":"users","entity_id":"test-e6aea6c9","details":""}
{"ts":"2026-04-08T16:01:59.273043+00:00","action":"LIFECYCLE_CHANGE","entity_type":"users","entity_id":"test-e6aea6c9","details":"ACTIVE -> ACTIVE"}
{"ts":"2026-04-08T16:01:59.279782+00:00","action":"LIFECYCLE_CHANGE","entity_type":"users","entity_id":"test-e6aea6c9","details":"ACTIVE -> COMPLETED"}
{"ts":"2026-04-08T16:01:59.291095+00:00","action":"CREATE","entity_type":"targets","entity_id":"tgt-599dc240","details":""}
{"ts":"2026-04-08T16:19:26.214519+00:00","action":"CREATE","entity_type":"users","entity_id":"test-8c514417","details":""}
{"ts":"2026-04-08T16:19:26.238730+00:00","action":"LIFECYCLE_CHANGE","entity_type":"users","entity_id":"test-8c514417","details":"ACTIVE -> ACTIVE"}
{"ts":"2026-04-08T16:19:26.243730+00:00","action":"LIFECYCLE_CHANGE","entity_type":"users","entity_id":"test-8c514417","details":"ACTIVE -> COMPLETED"}
{"ts":"2026-04-08T16:19:26.253770+00:00","action":"CREATE","entity_type":"targets","entity_id":"tgt-d11950d3","details":""}
{"ts":"2026-04-08T16:28:37.555979+00:00","action":"CREATE","entity_type":"users","entity_id":"test-9b09ab31","details":""}
{"ts":"2026-04-08T16:28:37.583018+00:00","action":"LIFECYCLE_CHANGE","entity_type":"users","entity_id":"test-9b09ab31","details":"ACTIVE -> ACTIVE"}
{"ts":"2026-04-08T16:28:37.588892+00:00","action":"LIFECYCLE_CHANGE","entity_type":"users","entity_id":"test-9b09ab31","details":"ACTIVE -> COMPLETED"}
{"ts":"2026-04-08T16:28:37.599402+00:00","action":"CREATE","entity_type":"targets","entity_id":"tgt-fe099744","details":""}
{"ts":"2026-04-08T16:57:49.033908+00:00","action":"CREATE","entity_type":"users","entity_id":"test-e8c6b895","details":""}
{"ts":"2026-04-08T16:57:49.059099+00:00","action":"LIFECYCLE_CHANGE","entity_type":"users","entity_id":"test-e8c6b895","details":"ACTIVE -> ACTIVE"}
{"ts":"2026-04-08T16:57:49.063692+00:00","action":"LIFECYCLE_CHANGE","entity_type":"users","entity_id":"test-e8c6b895","details":"ACTIVE -> COMPLETED"}
{"ts":"2026-04-08T16:57:49.073105+00:00","action":"CREATE","entity_type":"targets","entity_id":"tgt-8b37a4bb","details":""}
{"ts":"2026-04-08T17:30:20.884551+00:00","action":"CREATE","entity_type":"users","entity_id":"test-3bc046a6","details":""}
{"ts":"2026-04-08T17:30:20.913634+00:00","action":"LIFECYCLE_CHANGE","entity_type":"users","entity_id":"test-3bc046a6","details":"ACTIVE -> ACTIVE"}
{"ts":"2026-04-08T17:30:20.919870+00:00","action":"LIFECYCLE_CHANGE","entity_type":"users","entity_id":"test-3bc046a6","details":"ACTIVE -> COMPLETED"}
{"ts":"2026-04-08T17:30:20.933127+00:00","action":"CREATE","entity_type":"targets","entity_id":"tgt-831e07dc","details":""}
{"ts":"2026-04-08T17:35:53.711388+00:00","action":"CREATE","entity_type":"users","entity_id":"test-94fd7663","details":""}
{"ts":"2026-04-08T17:35:53.736336+00:00","action":"LIFECYCLE_CHANGE","entity_type":"users","entity_id":"test-94fd7663","details":"ACTIVE -> ACTIVE"}
{"ts":"2026-04-08T17:35:53.741582+00:00","action":"LIFECYCLE_CHANGE","entity_type":"users","entity_id":"test-94fd7663","details":"ACTIVE -> COMPLETED"}
{"ts":"2026-04-08T17:35:53.750164+00:00","action":"CREATE","entity_type":"targets","entity_id":"tgt-fb59c6e5","details":""}
{"ts":"2026-04-08T19:12:44.602618+00:00","action":"CREATE","entity_type":"users","entity_id":"test-7bd2a6cd","details":""}
{"ts":"2026-04-08T19:12:44.633193+00:00","action":"LIFECYCLE_CHANGE","entity_type":"users","entity_id":"test-7bd2a6cd","details":"ACTIVE -> ACTIVE"}
{"ts":"2026-04-08T19:12:44.639033+00:00","action":"LIFECYCLE_CHANGE","entity_type":"users","entity_id":"test-7bd2a6cd","details":"ACTIVE -> COMPLETED"}
{"ts":"2026-04-08T19:12:44.648552+00:00","action":"CREATE","entity_type":"targets","entity_id":"tgt-6f617bdd","details":""}
{"ts":"2026-04-08T19:37:37.607611+00:00","action":"CREATE","entity_type":"users","entity_id":"test-d98bd6c5","details":""}
{"ts":"2026-04-08T19:37:37.632115+00:00","action":"LIFECYCLE_CHANGE","entity_type":"users","entity_id":"test-d98bd6c5","details":"ACTIVE -> ACTIVE"}
{"ts":"2026-04-08T19:37:37.636965+00:00","action":"LIFECYCLE_CHANGE","entity_type":"users","entity_id":"test-d98bd6c5","details":"ACTIVE -> COMPLETED"}
{"ts":"2026-04-08T19:37:37.645983+00:00","action":"CREATE","entity_type":"targets","entity_id":"tgt-ab05a934","details":""}
{"ts":"2026-04-08T20:02:44.355796+00:00","action":"CREATE","entity_type":"users","entity_id":"test-d26b01e5","details":""}
{"ts":"2026-04-08T20:02:44.382818+00:00","action":"LIFECYCLE_CHANGE","entity_type":"users","entity_id":"test-d26b01e5","details":"ACTIVE -> ACTIVE"}
{"ts":"2026-04-08T20:02:44.388250+00:00","action":"LIFECYCLE_CHANGE","entity_type":"users","entity_id":"test-d26b01e5","details":"ACTIVE -> COMPLETED"}
{"ts":"2026-04-08T20:02:44.398514+00:00","action":"CREATE","entity_type":"targets","entity_id":"tgt-36f03364","details":""}
{"ts":"2026-04-08T20:14:42.320202+00:00","action":"CREATE","entity_type":"users","entity_id":"test-f701ac97","details":""}
{"ts":"2026-04-08T20:14:42.358430+00:00","action":"LIFECYCLE_CHANGE","entity_type":"users","entity_id":"test-f701ac97","details":"ACTIVE -> ACTIVE"}
{"ts":"2026-04-08T20:14:42.366213+00:00","action":"LIFECYCLE_CHANGE","entity_type":"users","entity_id":"test-f701ac97","details":"ACTIVE -> COMPLETED"}
{"ts":"2026-04-08T20:14:42.377512+00:00","action":"CREATE","entity_type":"targets","entity_id":"tgt-4e9e2b7c","details":""}
{"ts":"2026-04-08T20:28:22.983914+00:00","action":"CREATE","entity_type":"users","entity_id":"test-6c48e6e7","details":""}
{"ts":"2026-04-08T20:28:23.010929+00:00","action":"LIFECYCLE_CHANGE","entity_type":"users","entity_id":"test-6c48e6e7","details":"ACTIVE -> ACTIVE"}
{"ts":"2026-04-08T20:28:23.016546+00:00","action":"LIFECYCLE_CHANGE","entity_type":"users","entity_id":"test-6c48e6e7","details":"ACTIVE -> COMPLETED"}
{"ts":"2026-04-08T20:28:23.025794+00:00","action":"CREATE","entity_type":"targets","entity_id":"tgt-39fa9a49","details":""}
{"ts":"2026-04-08T21:33:46.153538+00:00","action":"CREATE","entity_type":"users","entity_id":"test-e9d9a68a","details":""}
{"ts":"2026-04-08T21:33:46.186589+00:00","action":"LIFECYCLE_CHANGE","entity_type":"users","entity_id":"test-e9d9a68a","details":"ACTIVE -> ACTIVE"}
{"ts":"2026-04-08T21:33:46.192174+00:00","action":"LIFECYCLE_CHANGE","entity_type":"users","entity_id":"test-e9d9a68a","details":"ACTIVE -> COMPLETED"}
{"ts":"2026-04-08T21:33:46.200693+00:00","action":"CREATE","entity_type":"targets","entity_id":"tgt-4b660c74","details":""}
{"ts":"2026-04-08T21:42:03.496178+00:00","action":"CREATE","entity_type":"users","entity_id":"test-3e211b1d","details":""}
{"ts":"2026-04-08T21:42:03.530450+00:00","action":"LIFECYCLE_CHANGE","entity_type":"users","entity_id":"test-3e211b1d","details":"ACTIVE -> ACTIVE"}
{"ts":"2026-04-08T21:42:03.536183+00:00","action":"LIFECYCLE_CHANGE","entity_type":"users","entity_id":"test-3e211b1d","details":"ACTIVE -> COMPLETED"}
{"ts":"2026-04-08T21:42:03.547474+00:00","action":"CREATE","entity_type":"targets","entity_id":"tgt-868576cd","details":""}
{"ts":"2026-04-08T22:38:32.205527+00:00","action":"CREATE","entity_type":"users","entity_id":"test-72142e31","details":""}
{"ts":"2026-04-08T22:38:32.239271+00:00","action":"LIFECYCLE_CHANGE","entity_type":"users","entity_id":"test-72142e31","details":"ACTIVE -> ACTIVE"}
{"ts":"2026-04-08T22:38:32.243747+00:00","action":"LIFECYCLE_CHANGE","entity_type":"users","entity_id":"test-72142e31","details":"ACTIVE -> COMPLETED"}
{"ts":"2026-04-08T22:38:32.253894+00:00","action":"CREATE","entity_type":"targets","entity_id":"tgt-ab7cbc5b","details":""}
{"ts":"2026-04-08T23:03:07.652477+00:00","action":"CREATE","entity_type":"users","entity_id":"test-c893c1fd","details":""}
{"ts":"2026-04-08T23:03:07.686397+00:00","action":"LIFECYCLE_CHANGE","entity_type":"users","entity_id":"test-c893c1fd","details":"ACTIVE -> ACTIVE"}
{"ts":"2026-04-08T23:03:07.691396+00:00","action":"LIFECYCLE_CHANGE","entity_type":"users","entity_id":"test-c893c1fd","details":"ACTIVE -> COMPLETED"}
{"ts":"2026-04-08T23:03:07.701631+00:00","action":"CREATE","entity_type":"targets","entity_id":"tgt-bb4a295b","details":""}
{"ts":"2026-04-08T23:22:19.204288+00:00","action":"CREATE","entity_type":"users","entity_id":"test-44fc9b99","details":""}
{"ts":"2026-04-08T23:22:19.239582+00:00","action":"LIFECYCLE_CHANGE","entity_type":"users","entity_id":"test-44fc9b99","details":"ACTIVE -> ACTIVE"}
{"ts":"2026-04-08T23:22:19.245926+00:00","action":"LIFECYCLE_CHANGE","entity_type":"users","entity_id":"test-44fc9b99","details":"ACTIVE -> COMPLETED"}
{"ts":"2026-04-08T23:22:19.258289+00:00","action":"CREATE","entity_type":"targets","entity_id":"tgt-f9a38503","details":""}
{"ts":"2026-04-08T23:37:44.972550+00:00","action":"CREATE","entity_type":"users","entity_id":"test-ef7fdd3a","details":""}
{"ts":"2026-04-08T23:37:45.007639+00:00","action":"LIFECYCLE_CHANGE","entity_type":"users","entity_id":"test-ef7fdd3a","details":"ACTIVE -> ACTIVE"}
{"ts":"2026-04-08T23:37:45.013264+00:00","action":"LIFECYCLE_CHANGE","entity_type":"users","entity_id":"test-ef7fdd3a","details":"ACTIVE -> COMPLETED"}
{"ts":"2026-04-08T23:37:45.025542+00:00","action":"CREATE","entity_type":"targets","entity_id":"tgt-4667c832","details":""}
{"ts":"2026-04-09T04:33:31.425090+00:00","action":"CREATE","entity_type":"users","entity_id":"test-eac06ab9","details":""}
{"ts":"2026-04-09T04:33:31.460839+00:00","action":"LIFECYCLE_CHANGE","entity_type":"users","entity_id":"test-eac06ab9","details":"ACTIVE -> ACTIVE"}
{"ts":"2026-04-09T04:33:31.465500+00:00","action":"LIFECYCLE_CHANGE","entity_type":"users","entity_id":"test-eac06ab9","details":"ACTIVE -> COMPLETED"}
{"ts":"2026-04-09T04:33:31.476030+00:00","action":"CREATE","entity_type":"targets","entity_id":"tgt-13377c1f","details":""}
